<?xml version="1.0" encoding="UTF-8"?>
<!-- Generated by org.testng.reporters.JUnitReportReporter -->
<testsuite skipped="0" hostname="LTE-BEE-029" name="testRepository.TestCase2" tests="1" failures="0" timestamp="27 Jul 2018 09:32:53 GMT" time="9.322" errors="0">
  <testcase name="executeScript" time="9.322" classname="testRepository.TestCase2"/>
</testsuite> <!-- testRepository.TestCase2 -->
