<?xml version="1.0" encoding="UTF-8"?>
<!-- Generated by org.testng.reporters.JUnitReportReporter -->
<testsuite skipped="0" hostname="LTE-BEE-029" name="testRepository.MyWay_LockIcon_SafeSites" tests="1" failures="0" timestamp="30 Aug 2018 08:25:15 GMT" time="42.668" errors="0">
  <testcase name="SafeList_MyWay_HomePage" time="42.668" classname="testRepository.MyWay_LockIcon_SafeSites"/>
</testsuite> <!-- testRepository.MyWay_LockIcon_SafeSites -->
