<?xml version="1.0" encoding="UTF-8"?>
<!-- Generated by org.testng.reporters.JUnitReportReporter -->
<testsuite skipped="0" hostname="LTE-BEE-029" name="testRepository.TestCase1" tests="1" failures="0" timestamp="10 Aug 2018 06:54:33 GMT" time="47.788" errors="0">
  <testcase name="executeScript" time="47.788" classname="testRepository.TestCase1"/>
</testsuite> <!-- testRepository.TestCase1 -->
