<?xml version="1.0" encoding="UTF-8"?>
<!-- Generated by org.testng.reporters.JUnitReportReporter -->
<testsuite skipped="0" hostname="LTE-BEE-029" name="testRepository.Bing_LockIcon_SafeSites" tests="5" failures="0" timestamp="30 Aug 2018 10:39:25 GMT" time="165.642" errors="0">
  <testcase name="SafeList_Bing_HomePage" time="37.331" classname="testRepository.Bing_LockIcon_SafeSites"/>
  <testcase name="SafeList_Bing_Images" time="25.773" classname="testRepository.Bing_LockIcon_SafeSites"/>
  <testcase name="SafeList_Bing_Videos" time="30.340" classname="testRepository.Bing_LockIcon_SafeSites"/>
  <testcase name="SafeList_Bing_Fun" time="37.664" classname="testRepository.Bing_LockIcon_SafeSites"/>
  <testcase name="SafeList_Bing_Explore" time="34.534" classname="testRepository.Bing_LockIcon_SafeSites"/>
</testsuite> <!-- testRepository.Bing_LockIcon_SafeSites -->
