<?xml version="1.0" encoding="UTF-8"?>
<!-- Generated by org.testng.reporters.JUnitReportReporter -->
<testsuite skipped="0" hostname="LTE-BEE-029" name="testRepository.Google_LockIcon_SafeSites" tests="5" failures="0" timestamp="30 Aug 2018 10:39:25 GMT" time="219.684" errors="0">
  <testcase name="SafeList_Google_HomePage" time="73.612" classname="testRepository.Google_LockIcon_SafeSites"/>
  <testcase name="SafeList_Google_Images" time="41.717" classname="testRepository.Google_LockIcon_SafeSites"/>
  <testcase name="SafeList_Google_ImagesLink" time="39.064" classname="testRepository.Google_LockIcon_SafeSites"/>
  <testcase name="SafeList_Google_Videos" time="32.062" classname="testRepository.Google_LockIcon_SafeSites"/>
  <testcase name="SafeList_Google_Shopping" time="33.229" classname="testRepository.Google_LockIcon_SafeSites"/>
</testsuite> <!-- testRepository.Google_LockIcon_SafeSites -->
