<?xml version="1.0" encoding="UTF-8"?>
<!-- Generated by org.testng.reporters.JUnitReportReporter -->
<testsuite skipped="0" hostname="LTE-BEE-029" name="testRepository.TestCase2" tests="1" failures="0" timestamp="14 Aug 2018 07:10:54 GMT" time="7.691" errors="0">
  <testcase name="executeScript" time="7.691" classname="testRepository.TestCase2"/>
</testsuite> <!-- testRepository.TestCase2 -->
